[2025-12-17 20:47:27] [31merror[39m: [31m1 se how[39m
[2025-12-17 20:52:54] [31merror[39m: [31m1 se how[39m
[2025-12-17 20:53:41] [31merror[39m: [31m1 se how[39m
[2025-12-17 21:14:23] [31merror[39m: [31mLogIn ErrorPrismaClientValidationError: [39m
[31mInvalid `prisma.user.findUnique()` invocation in[39m
[31m/home/abdullah/Brico/backend/src/auth/login/login.ts:38:42[39m

[31m  35 [39m
[31m  36 const data: LoginStruct = resultParsed;[39m
[31m  37 [39m
[31m→ 38 const checkexist = await prisma.user.findUnique({[39m
[31m       where: {[39m
[31m         email: undefined,[39m
[31m     ?   id?: String,[39m
[31m     ?   AND?: UserWhereInput | UserWhereInput[],[39m
[31m     ?   OR?: UserWhereInput[],[39m
[31m     ?   NOT?: UserWhereInput | UserWhereInput[],[39m
[31m     ?   password?: StringNullableFilter | String | Null,[39m
[31m     ?   fullName?: StringFilter | String,[39m
[31m     ?   role?: EnumRoleFilter | Role,[39m
[31m     ?   createdAt?: DateTimeFilter | DateTime,[39m
[31m     ?   updatedAt?: DateTimeFilter | DateTime,[39m
[31m     ?   workerProfile?: WorkerNullableScalarRelationFilter | WorkerWhereInput | Null[39m
[31m       },[39m
[31m       select: {[39m
[31m         id: true,[39m
[31m         password: true[39m
[31m       }[39m
[31m     })[39m

[31mArgument `where` of type UserWhereUniqueInput needs at least one of `id` or `email` arguments. Available options are marked with ?.[39m
[2025-12-17 21:18:41] [31merror[39m: [31mLogin OTP Verification ErrorError: Cannot create Access Token: User ID is invalid or missing.[39m
[2025-12-17 21:23:38] [32minfo[39m: [32m{[39m
[32m  email: 'ar9642308@gmail.com',[39m
[32m  password: 'Abdullah226622',[39m
[32m  id: '877c37d1-6cf2-437e-8893-c7f95ac11408',[39m
[32m  code: '523858'[39m
[32m}[39m
[2025-12-21 19:34:31] [31merror[39m: [31mSingup OTP Sending Error[39m
[2025-12-21 19:34:41] [31merror[39m: [31mSingup OTP Sending Error[39m
[2025-12-21 19:48:26] [31merror[39m: [31mSignup OTP Verification ErrorError: secretOrPrivateKey must have a value[39m
[2025-12-21 19:52:03] [31merror[39m: [31mLogin OTP Verification ErrorError: secretOrPrivateKey must have a value[39m
[2025-12-26 18:38:43] [31merror[39m: [31mSingup ErrorPrismaClientKnownRequestError: [39m
[31mInvalid `prisma.user.findUnique()` invocation in[39m
[31mC:\projects\brico\backend\src\auth\signup\signup.ts:38:42[39m

[31m  35 [39m
[31m  36 const data: SingupStruct = resultParsed.data;[39m
[31m  37 [39m
[31m→ 38 const checkexist = await prisma.user.findUnique([39m
[31mThe column `(not available)` does not exist in the current database.[39m
[2025-12-26 18:40:20] [31merror[39m: [31mSingup ErrorPrismaClientKnownRequestError: [39m
[31mInvalid `prisma.user.findUnique()` invocation in[39m
[31mC:\projects\brico\backend\src\auth\signup\signup.ts:38:42[39m

[31m  35 [39m
[31m  36 const data: SingupStruct = resultParsed.data;[39m
[31m  37 [39m
[31m→ 38 const checkexist = await prisma.user.findUnique([39m
[31mThe column `(not available)` does not exist in the current database.[39m
[2025-12-26 18:53:33] [32minfo[39m: [32mProfile fetched for user: a9c539fe-7b0c-4eb8-bc5c-0b31e8abd7ef[39m
[2025-12-26 18:53:33] [32minfo[39m: [32mProfile fetched for user: a9c539fe-7b0c-4eb8-bc5c-0b31e8abd7ef[39m
[2025-12-26 18:53:36] [32minfo[39m: [32mProfile fetched for user: a9c539fe-7b0c-4eb8-bc5c-0b31e8abd7ef[39m
[2025-12-26 18:55:32] [32minfo[39m: [32mProfile fetched for user: a9c539fe-7b0c-4eb8-bc5c-0b31e8abd7ef[39m
[2025-12-26 18:56:10] [32minfo[39m: [32mProfile fetched for user: a9c539fe-7b0c-4eb8-bc5c-0b31e8abd7ef[39m
[2025-12-26 18:56:10] [32minfo[39m: [32mProfile fetched for user: a9c539fe-7b0c-4eb8-bc5c-0b31e8abd7ef[39m
[2025-12-26 19:00:44] [32minfo[39m: [32mProfile fetched for user: a9c539fe-7b0c-4eb8-bc5c-0b31e8abd7ef[39m
[2025-12-26 19:03:12] [32minfo[39m: [32mProfile fetched for user: a9c539fe-7b0c-4eb8-bc5c-0b31e8abd7ef[39m
[2025-12-26 19:03:12] [32minfo[39m: [32mProfile fetched for user: a9c539fe-7b0c-4eb8-bc5c-0b31e8abd7ef[39m
[2025-12-26 19:05:54] [32minfo[39m: [32mProfile fetched for user: a9c539fe-7b0c-4eb8-bc5c-0b31e8abd7ef[39m
[2025-12-26 19:05:54] [32minfo[39m: [32mProfile fetched for user: a9c539fe-7b0c-4eb8-bc5c-0b31e8abd7ef[39m
[2025-12-26 19:18:16] [32minfo[39m: [32mProfile fetched for user: a9c539fe-7b0c-4eb8-bc5c-0b31e8abd7ef[39m
[2025-12-26 19:18:16] [32minfo[39m: [32mProfile fetched for user: a9c539fe-7b0c-4eb8-bc5c-0b31e8abd7ef[39m
[2025-12-26 19:18:23] [32minfo[39m: [32mProfile fetched for user: a9c539fe-7b0c-4eb8-bc5c-0b31e8abd7ef[39m
[2025-12-26 19:18:23] [32minfo[39m: [32mProfile fetched for user: a9c539fe-7b0c-4eb8-bc5c-0b31e8abd7ef[39m
[2025-12-26 19:18:29] [32minfo[39m: [32mProfile fetched for user: a9c539fe-7b0c-4eb8-bc5c-0b31e8abd7ef[39m
[2025-12-26 19:18:29] [32minfo[39m: [32mProfile fetched for user: a9c539fe-7b0c-4eb8-bc5c-0b31e8abd7ef[39m
[2025-12-26 19:18:32] [32minfo[39m: [32mProfile fetched for user: a9c539fe-7b0c-4eb8-bc5c-0b31e8abd7ef[39m
[2025-12-26 19:18:32] [32minfo[39m: [32mProfile fetched for user: a9c539fe-7b0c-4eb8-bc5c-0b31e8abd7ef[39m
[2025-12-26 19:18:37] [32minfo[39m: [32mProfile fetched for user: a9c539fe-7b0c-4eb8-bc5c-0b31e8abd7ef[39m
[2025-12-26 19:18:37] [32minfo[39m: [32mProfile fetched for user: a9c539fe-7b0c-4eb8-bc5c-0b31e8abd7ef[39m
[2025-12-26 19:19:13] [32minfo[39m: [32mProfile fetched for user: a9c539fe-7b0c-4eb8-bc5c-0b31e8abd7ef[39m
[2025-12-26 19:19:13] [32minfo[39m: [32mProfile fetched for user: a9c539fe-7b0c-4eb8-bc5c-0b31e8abd7ef[39m
[2025-12-26 19:23:31] [32minfo[39m: [32mProfile fetched for user: a9c539fe-7b0c-4eb8-bc5c-0b31e8abd7ef[39m
[2025-12-26 19:23:31] [32minfo[39m: [32mProfile fetched for user: a9c539fe-7b0c-4eb8-bc5c-0b31e8abd7ef[39m
[2025-12-26 19:25:48] [32minfo[39m: [32mProfile fetched for user: a9c539fe-7b0c-4eb8-bc5c-0b31e8abd7ef[39m
[2025-12-26 19:25:48] [32minfo[39m: [32mProfile fetched for user: a9c539fe-7b0c-4eb8-bc5c-0b31e8abd7ef[39m
[2025-12-26 19:25:53] [32minfo[39m: [32mProfile fetched for user: a9c539fe-7b0c-4eb8-bc5c-0b31e8abd7ef[39m
[2025-12-26 19:25:53] [32minfo[39m: [32mProfile fetched for user: a9c539fe-7b0c-4eb8-bc5c-0b31e8abd7ef[39m
[2025-12-26 19:25:55] [32minfo[39m: [32mProfile fetched for user: a9c539fe-7b0c-4eb8-bc5c-0b31e8abd7ef[39m
[2025-12-26 19:25:55] [32minfo[39m: [32mProfile fetched for user: a9c539fe-7b0c-4eb8-bc5c-0b31e8abd7ef[39m
[2025-12-26 19:28:20] [32minfo[39m: [32mProfile fetched for user: a9c539fe-7b0c-4eb8-bc5c-0b31e8abd7ef[39m
[2025-12-26 19:28:21] [32minfo[39m: [32mProfile fetched for user: a9c539fe-7b0c-4eb8-bc5c-0b31e8abd7ef[39m
[2025-12-26 19:28:48] [32minfo[39m: [32mProfile fetched for user: a9c539fe-7b0c-4eb8-bc5c-0b31e8abd7ef[39m
[2025-12-26 19:28:48] [32minfo[39m: [32mProfile fetched for user: a9c539fe-7b0c-4eb8-bc5c-0b31e8abd7ef[39m
[2025-12-26 19:28:51] [32minfo[39m: [32mProfile fetched for user: a9c539fe-7b0c-4eb8-bc5c-0b31e8abd7ef[39m
[2025-12-26 19:28:51] [32minfo[39m: [32mProfile fetched for user: a9c539fe-7b0c-4eb8-bc5c-0b31e8abd7ef[39m
[2025-12-26 19:29:04] [32minfo[39m: [32mProfile fetched for user: a9c539fe-7b0c-4eb8-bc5c-0b31e8abd7ef[39m
[2025-12-26 19:29:04] [32minfo[39m: [32mProfile fetched for user: a9c539fe-7b0c-4eb8-bc5c-0b31e8abd7ef[39m
[2025-12-26 19:29:08] [32minfo[39m: [32mProfile fetched for user: a9c539fe-7b0c-4eb8-bc5c-0b31e8abd7ef[39m
[2025-12-26 19:29:08] [32minfo[39m: [32mProfile fetched for user: a9c539fe-7b0c-4eb8-bc5c-0b31e8abd7ef[39m
[2025-12-26 19:29:48] [32minfo[39m: [32mProfile fetched for user: a9c539fe-7b0c-4eb8-bc5c-0b31e8abd7ef[39m
[2025-12-26 19:29:48] [32minfo[39m: [32mProfile fetched for user: a9c539fe-7b0c-4eb8-bc5c-0b31e8abd7ef[39m
[2025-12-26 19:34:35] [32minfo[39m: [32mProfile fetched for user: a9c539fe-7b0c-4eb8-bc5c-0b31e8abd7ef[39m
[2025-12-26 19:34:35] [32minfo[39m: [32mProfile fetched for user: a9c539fe-7b0c-4eb8-bc5c-0b31e8abd7ef[39m
[2025-12-26 19:35:32] [32minfo[39m: [32mProfile fetched for user: a9c539fe-7b0c-4eb8-bc5c-0b31e8abd7ef[39m
[2025-12-26 19:35:41] [32minfo[39m: [32mProfile fetched for user: a9c539fe-7b0c-4eb8-bc5c-0b31e8abd7ef[39m
[2025-12-26 19:36:56] [32minfo[39m: [32mProfile fetched for user: a9c539fe-7b0c-4eb8-bc5c-0b31e8abd7ef[39m
[2025-12-26 19:38:30] [32minfo[39m: [32mProfile fetched for user: a9c539fe-7b0c-4eb8-bc5c-0b31e8abd7ef[39m
[2025-12-26 19:41:17] [32minfo[39m: [32mProfile fetched for user: a9c539fe-7b0c-4eb8-bc5c-0b31e8abd7ef[39m
[2025-12-26 19:43:39] [33mwarn[39m: [33mAccess token expired, checking refresh token...[39m
[2025-12-26 19:44:40] [32minfo[39m: [32mProfile fetched for user: a9c539fe-7b0c-4eb8-bc5c-0b31e8abd7ef[39m
[2025-12-26 19:44:40] [32minfo[39m: [32mProfile fetched for user: a9c539fe-7b0c-4eb8-bc5c-0b31e8abd7ef[39m
[2025-12-26 19:44:45] [32minfo[39m: [32mProfile fetched for user: a9c539fe-7b0c-4eb8-bc5c-0b31e8abd7ef[39m
[2025-12-26 19:44:45] [32minfo[39m: [32mProfile fetched for user: a9c539fe-7b0c-4eb8-bc5c-0b31e8abd7ef[39m
[2025-12-26 19:49:46] [32minfo[39m: [32mProfile fetched for user: a9c539fe-7b0c-4eb8-bc5c-0b31e8abd7ef[39m
[2025-12-26 19:50:32] [32minfo[39m: [32mProfile fetched for user: a9c539fe-7b0c-4eb8-bc5c-0b31e8abd7ef[39m
[2025-12-26 19:50:32] [32minfo[39m: [32mProfile fetched for user: a9c539fe-7b0c-4eb8-bc5c-0b31e8abd7ef[39m
[2025-12-26 19:50:32] [32minfo[39m: [32mProfile fetched for user: a9c539fe-7b0c-4eb8-bc5c-0b31e8abd7ef[39m
[2025-12-26 19:50:32] [32minfo[39m: [32mProfile fetched for user: a9c539fe-7b0c-4eb8-bc5c-0b31e8abd7ef[39m
[2025-12-26 19:50:59] [32minfo[39m: [32mProfile fetched for user: a9c539fe-7b0c-4eb8-bc5c-0b31e8abd7ef[39m
[2025-12-26 19:50:59] [32minfo[39m: [32mProfile fetched for user: a9c539fe-7b0c-4eb8-bc5c-0b31e8abd7ef[39m
[2025-12-26 19:51:01] [32minfo[39m: [32mProfile fetched for user: a9c539fe-7b0c-4eb8-bc5c-0b31e8abd7ef[39m
[2025-12-26 19:51:01] [32minfo[39m: [32mProfile fetched for user: a9c539fe-7b0c-4eb8-bc5c-0b31e8abd7ef[39m
[2025-12-26 19:51:17] [32minfo[39m: [32mProfile fetched for user: a9c539fe-7b0c-4eb8-bc5c-0b31e8abd7ef[39m
[2025-12-26 19:51:17] [32minfo[39m: [32mProfile fetched for user: a9c539fe-7b0c-4eb8-bc5c-0b31e8abd7ef[39m
[2025-12-26 19:51:33] [32minfo[39m: [32mProfile fetched for user: a9c539fe-7b0c-4eb8-bc5c-0b31e8abd7ef[39m
[2025-12-26 19:51:33] [32minfo[39m: [32mProfile fetched for user: a9c539fe-7b0c-4eb8-bc5c-0b31e8abd7ef[39m
[2025-12-27 01:17:16] [33mwarn[39m: [33mAccess token expired, checking refresh token...[39m
[2025-12-27 01:17:16] [33mwarn[39m: [33mAccess token expired, checking refresh token...[39m
[2025-12-27 01:47:57] [32minfo[39m: [32mProfile fetched for user: a9c539fe-7b0c-4eb8-bc5c-0b31e8abd7ef[39m
[2025-12-27 01:47:57] [32minfo[39m: [32mProfile fetched for user: a9c539fe-7b0c-4eb8-bc5c-0b31e8abd7ef[39m
[2025-12-27 01:48:10] [32minfo[39m: [32mProfile fetched for user: a9c539fe-7b0c-4eb8-bc5c-0b31e8abd7ef[39m
[2025-12-27 01:48:10] [32minfo[39m: [32mProfile fetched for user: a9c539fe-7b0c-4eb8-bc5c-0b31e8abd7ef[39m
[2025-12-27 01:48:20] [32minfo[39m: [32mProfile fetched for user: a9c539fe-7b0c-4eb8-bc5c-0b31e8abd7ef[39m
[2025-12-27 01:48:20] [32minfo[39m: [32mProfile fetched for user: a9c539fe-7b0c-4eb8-bc5c-0b31e8abd7ef[39m
[2025-12-27 01:55:04] [32minfo[39m: [32mProfile fetched for user: a9c539fe-7b0c-4eb8-bc5c-0b31e8abd7ef[39m
[2025-12-27 01:55:04] [32minfo[39m: [32mProfile fetched for user: a9c539fe-7b0c-4eb8-bc5c-0b31e8abd7ef[39m
[2025-12-27 01:58:46] [32minfo[39m: [32mProfile fetched for user: a9c539fe-7b0c-4eb8-bc5c-0b31e8abd7ef[39m
[2025-12-27 01:58:46] [32minfo[39m: [32mProfile fetched for user: a9c539fe-7b0c-4eb8-bc5c-0b31e8abd7ef[39m
[2025-12-27 01:59:31] [32minfo[39m: [32mProfile fetched for user: a9c539fe-7b0c-4eb8-bc5c-0b31e8abd7ef[39m
[2025-12-27 01:59:33] [32minfo[39m: [32mProfile fetched for user: a9c539fe-7b0c-4eb8-bc5c-0b31e8abd7ef[39m
[2025-12-27 02:30:24] [32minfo[39m: [32mProfile fetched for user: a9c539fe-7b0c-4eb8-bc5c-0b31e8abd7ef[39m
[2025-12-27 02:30:24] [32minfo[39m: [32mProfile fetched for user: a9c539fe-7b0c-4eb8-bc5c-0b31e8abd7ef[39m
[2025-12-27 02:30:25] [32minfo[39m: [32mProfile fetched for user: a9c539fe-7b0c-4eb8-bc5c-0b31e8abd7ef[39m
[2025-12-27 02:30:25] [32minfo[39m: [32mProfile fetched for user: a9c539fe-7b0c-4eb8-bc5c-0b31e8abd7ef[39m
[2025-12-27 02:31:02] [32minfo[39m: [32mProfile fetched for user: a9c539fe-7b0c-4eb8-bc5c-0b31e8abd7ef[39m
[2025-12-27 02:31:02] [32minfo[39m: [32mProfile fetched for user: a9c539fe-7b0c-4eb8-bc5c-0b31e8abd7ef[39m
[2025-12-27 02:32:04] [32minfo[39m: [32mProfile fetched for user: a9c539fe-7b0c-4eb8-bc5c-0b31e8abd7ef[39m
[2025-12-27 02:32:04] [32minfo[39m: [32mProfile fetched for user: a9c539fe-7b0c-4eb8-bc5c-0b31e8abd7ef[39m
[2025-12-27 02:32:38] [32minfo[39m: [32mProfile fetched for user: a9c539fe-7b0c-4eb8-bc5c-0b31e8abd7ef[39m
[2025-12-27 02:32:38] [32minfo[39m: [32mProfile fetched for user: a9c539fe-7b0c-4eb8-bc5c-0b31e8abd7ef[39m
[2025-12-27 02:32:49] [32minfo[39m: [32mProfile fetched for user: a9c539fe-7b0c-4eb8-bc5c-0b31e8abd7ef[39m
[2025-12-27 02:32:49] [32minfo[39m: [32mProfile fetched for user: a9c539fe-7b0c-4eb8-bc5c-0b31e8abd7ef[39m
[2025-12-27 02:37:55] [32minfo[39m: [32mProfile fetched for user: a9c539fe-7b0c-4eb8-bc5c-0b31e8abd7ef[39m
[2025-12-27 02:37:55] [32minfo[39m: [32mProfile fetched for user: a9c539fe-7b0c-4eb8-bc5c-0b31e8abd7ef[39m
[2025-12-27 02:38:47] [32minfo[39m: [32mProfile fetched for user: a9c539fe-7b0c-4eb8-bc5c-0b31e8abd7ef[39m
[2025-12-27 02:38:47] [32minfo[39m: [32mProfile fetched for user: a9c539fe-7b0c-4eb8-bc5c-0b31e8abd7ef[39m
[2025-12-27 02:39:05] [32minfo[39m: [32mProfile fetched for user: a9c539fe-7b0c-4eb8-bc5c-0b31e8abd7ef[39m
[2025-12-27 02:39:05] [32minfo[39m: [32mProfile fetched for user: a9c539fe-7b0c-4eb8-bc5c-0b31e8abd7ef[39m
[2025-12-27 02:45:27] [32minfo[39m: [32mProfile fetched for user: a9c539fe-7b0c-4eb8-bc5c-0b31e8abd7ef[39m
[2025-12-27 02:45:27] [32minfo[39m: [32mProfile fetched for user: a9c539fe-7b0c-4eb8-bc5c-0b31e8abd7ef[39m
[2025-12-27 02:45:50] [32minfo[39m: [32mProfile fetched for user: a9c539fe-7b0c-4eb8-bc5c-0b31e8abd7ef[39m
[2025-12-27 02:45:50] [32minfo[39m: [32mProfile fetched for user: a9c539fe-7b0c-4eb8-bc5c-0b31e8abd7ef[39m
[2025-12-27 02:46:15] [32minfo[39m: [32mProfile fetched for user: a9c539fe-7b0c-4eb8-bc5c-0b31e8abd7ef[39m
[2025-12-27 02:46:16] [32minfo[39m: [32mProfile fetched for user: a9c539fe-7b0c-4eb8-bc5c-0b31e8abd7ef[39m
[2025-12-27 02:50:14] [33mwarn[39m: [33mAccess token expired, checking refresh token...[39m
[2025-12-27 02:50:14] [33mwarn[39m: [33mAccess token expired, checking refresh token...[39m
[2025-12-27 02:56:18] [32minfo[39m: [32mProfile fetched for user: a9c539fe-7b0c-4eb8-bc5c-0b31e8abd7ef[39m
[2025-12-27 02:56:18] [32minfo[39m: [32mProfile fetched for user: a9c539fe-7b0c-4eb8-bc5c-0b31e8abd7ef[39m
[2025-12-27 02:56:31] [32minfo[39m: [32mProfile fetched for user: a9c539fe-7b0c-4eb8-bc5c-0b31e8abd7ef[39m
[2025-12-27 02:56:31] [32minfo[39m: [32mProfile fetched for user: a9c539fe-7b0c-4eb8-bc5c-0b31e8abd7ef[39m
[2025-12-27 02:56:45] [31merror[39m: [31mUnhandled error: Unexpected field[39m
[2025-12-27 02:58:16] [31merror[39m: [31mUnhandled error: Unexpected field[39m
[2025-12-27 03:00:58] [32minfo[39m: [32mfile added [object Object][39m
[2025-12-27 03:00:58] [31merror[39m: [31mError Updating profilePrismaClientValidationError: [39m
[31mInvalid `prisma.worker.upsert()` invocation in[39m
[31mC:\projects\brico\backend\src\profile\profileUpdater.ts:53:25[39m

[31m  50   },[39m
[31m  51 });[39m
[31m  52 [39m
[31m→ 53 await prisma.worker.upsert({[39m
[31m       where: {[39m
[31m         userId: "a9c539fe-7b0c-4eb8-bc5c-0b31e8abd7ef"[39m
[31m       },[39m
[31m       create: {[39m
[31m         userId: "a9c539fe-7b0c-4eb8-bc5c-0b31e8abd7ef",[39m
[31m         bio: "I am a best worker in construction ",[39m
[31m         skills: [[39m
[31m           "Masonry",[39m
[31m           "Tiling",[39m
[31m           "Flooring",[39m
[31m           "Drywall",[39m
[31m           "Plumbing",[39m
[31m           "Engineer"[39m
[31m         ],[39m
[31m         experienceYears: "5",[39m
[31m                          ~~~[39m
[31m         profession: "UNKNOWN"[39m
[31m       },[39m
[31m       update: {[39m
[31m         bio: "I am a best worker in construction ",[39m
[31m         skills: [[39m
[31m           "Masonry",[39m
[31m           "Tiling",[39m
[31m           "Flooring",[39m
[31m           "Drywall",[39m
[31m           "Plumbing",[39m
[31m           "Engineer"[39m
[31m         ],[39m
[31m         experienceYears: "5"[39m
[31m       }[39m
[31m     })[39m

[31mArgument `experienceYears`: Invalid value provided. Expected Int, provided String.[39m
[2025-12-27 03:02:49] [32minfo[39m: [32mfile added [object Object][39m
[2025-12-27 03:02:50] [32minfo[39m: [32mProfile fetched for user: a9c539fe-7b0c-4eb8-bc5c-0b31e8abd7ef[39m
[2025-12-27 03:02:50] [32minfo[39m: [32mProfile fetched for user: a9c539fe-7b0c-4eb8-bc5c-0b31e8abd7ef[39m
[2025-12-27 03:04:30] [32minfo[39m: [32mProfile fetched for user: a9c539fe-7b0c-4eb8-bc5c-0b31e8abd7ef[39m
[2025-12-27 03:04:30] [32minfo[39m: [32mProfile fetched for user: a9c539fe-7b0c-4eb8-bc5c-0b31e8abd7ef[39m
[2025-12-27 03:14:44] [32minfo[39m: [32mProfile fetched for user: a9c539fe-7b0c-4eb8-bc5c-0b31e8abd7ef[39m
[2025-12-27 03:14:44] [32minfo[39m: [32mProfile fetched for user: a9c539fe-7b0c-4eb8-bc5c-0b31e8abd7ef[39m
[2025-12-27 03:18:08] [32minfo[39m: [32mProfile fetched for user: a9c539fe-7b0c-4eb8-bc5c-0b31e8abd7ef[39m
[2025-12-27 03:18:08] [32minfo[39m: [32mProfile fetched for user: a9c539fe-7b0c-4eb8-bc5c-0b31e8abd7ef[39m
[2025-12-27 03:18:22] [31merror[39m: [31mUnhandled error: File too large[39m
[2025-12-27 03:18:42] [32minfo[39m: [32mfile added [object Object][39m
[2025-12-27 03:18:43] [32minfo[39m: [32mProfile fetched for user: a9c539fe-7b0c-4eb8-bc5c-0b31e8abd7ef[39m
[2025-12-27 03:18:43] [32minfo[39m: [32mProfile fetched for user: a9c539fe-7b0c-4eb8-bc5c-0b31e8abd7ef[39m
[2025-12-27 03:19:30] [32minfo[39m: [32mProfile fetched for user: a9c539fe-7b0c-4eb8-bc5c-0b31e8abd7ef[39m
[2025-12-27 03:19:30] [32minfo[39m: [32mProfile fetched for user: a9c539fe-7b0c-4eb8-bc5c-0b31e8abd7ef[39m
[2025-12-27 03:22:48] [32minfo[39m: [32mProfile fetched for user: a9c539fe-7b0c-4eb8-bc5c-0b31e8abd7ef[39m
[2025-12-27 03:22:48] [32minfo[39m: [32mProfile fetched for user: a9c539fe-7b0c-4eb8-bc5c-0b31e8abd7ef[39m
[2025-12-27 03:23:43] [32minfo[39m: [32mProfile fetched for user: a9c539fe-7b0c-4eb8-bc5c-0b31e8abd7ef[39m
[2025-12-27 03:23:43] [32minfo[39m: [32mProfile fetched for user: a9c539fe-7b0c-4eb8-bc5c-0b31e8abd7ef[39m
[2025-12-27 03:23:56] [32minfo[39m: [32mfile added [object Object][39m
[2025-12-27 03:23:57] [32minfo[39m: [32mProfile fetched for user: a9c539fe-7b0c-4eb8-bc5c-0b31e8abd7ef[39m
[2025-12-27 03:23:57] [32minfo[39m: [32mProfile fetched for user: a9c539fe-7b0c-4eb8-bc5c-0b31e8abd7ef[39m
[2025-12-27 03:24:53] [32minfo[39m: [32mProfile fetched for user: a9c539fe-7b0c-4eb8-bc5c-0b31e8abd7ef[39m
[2025-12-27 03:24:53] [32minfo[39m: [32mProfile fetched for user: a9c539fe-7b0c-4eb8-bc5c-0b31e8abd7ef[39m
[2025-12-27 03:26:12] [32minfo[39m: [32mProfile fetched for user: a9c539fe-7b0c-4eb8-bc5c-0b31e8abd7ef[39m
[2025-12-27 03:26:12] [32minfo[39m: [32mProfile fetched for user: a9c539fe-7b0c-4eb8-bc5c-0b31e8abd7ef[39m
[2025-12-27 03:32:45] [32minfo[39m: [32mProfile fetched for user: a9c539fe-7b0c-4eb8-bc5c-0b31e8abd7ef[39m
[2025-12-27 03:32:45] [32minfo[39m: [32mProfile fetched for user: a9c539fe-7b0c-4eb8-bc5c-0b31e8abd7ef[39m
[2025-12-27 03:35:15] [32minfo[39m: [32mProfile fetched for user: a9c539fe-7b0c-4eb8-bc5c-0b31e8abd7ef[39m
[2025-12-27 03:35:15] [32minfo[39m: [32mProfile fetched for user: a9c539fe-7b0c-4eb8-bc5c-0b31e8abd7ef[39m
[2025-12-27 03:39:33] [32minfo[39m: [32mProfile fetched for user: a9c539fe-7b0c-4eb8-bc5c-0b31e8abd7ef[39m
[2025-12-27 03:39:33] [32minfo[39m: [32mProfile fetched for user: a9c539fe-7b0c-4eb8-bc5c-0b31e8abd7ef[39m
[2025-12-27 03:40:17] [32minfo[39m: [32mProfile fetched for user: a9c539fe-7b0c-4eb8-bc5c-0b31e8abd7ef[39m
[2025-12-27 03:40:17] [32minfo[39m: [32mProfile fetched for user: a9c539fe-7b0c-4eb8-bc5c-0b31e8abd7ef[39m
[2025-12-27 03:41:08] [32minfo[39m: [32mProfile fetched for user: a9c539fe-7b0c-4eb8-bc5c-0b31e8abd7ef[39m
[2025-12-27 03:41:08] [32minfo[39m: [32mProfile fetched for user: a9c539fe-7b0c-4eb8-bc5c-0b31e8abd7ef[39m
[2025-12-27 03:44:10] [32minfo[39m: [32mProfile fetched for user: a9c539fe-7b0c-4eb8-bc5c-0b31e8abd7ef[39m
[2025-12-27 03:44:10] [32minfo[39m: [32mProfile fetched for user: a9c539fe-7b0c-4eb8-bc5c-0b31e8abd7ef[39m
[2025-12-27 03:44:32] [32minfo[39m: [32mProfile fetched for user: a9c539fe-7b0c-4eb8-bc5c-0b31e8abd7ef[39m
[2025-12-27 03:44:32] [32minfo[39m: [32mProfile fetched for user: a9c539fe-7b0c-4eb8-bc5c-0b31e8abd7ef[39m
[2025-12-27 03:44:58] [32minfo[39m: [32mProfile fetched for user: a9c539fe-7b0c-4eb8-bc5c-0b31e8abd7ef[39m
[2025-12-27 03:44:58] [32minfo[39m: [32mProfile fetched for user: a9c539fe-7b0c-4eb8-bc5c-0b31e8abd7ef[39m
[2025-12-27 17:56:09] [33mwarn[39m: [33mAccess token expired, checking refresh token...[39m
[2025-12-27 17:56:10] [33mwarn[39m: [33mAccess token expired, checking refresh token...[39m
[2025-12-27 17:56:10] [32minfo[39m: [32mToken refreshed successfully for user: a9c539fe-7b0c-4eb8-bc5c-0b31e8abd7ef[39m
[2025-12-27 17:56:10] [32minfo[39m: [32mProfile fetched for user: a9c539fe-7b0c-4eb8-bc5c-0b31e8abd7ef[39m
[2025-12-27 17:56:11] [32minfo[39m: [32mProfile fetched for user: a9c539fe-7b0c-4eb8-bc5c-0b31e8abd7ef[39m
[2025-12-27 17:57:05] [32minfo[39m: [32mProfile fetched for user: a9c539fe-7b0c-4eb8-bc5c-0b31e8abd7ef[39m
[2025-12-27 17:57:05] [32minfo[39m: [32mProfile fetched for user: a9c539fe-7b0c-4eb8-bc5c-0b31e8abd7ef[39m
[2025-12-27 17:58:29] [32minfo[39m: [32mProfile fetched for user: a9c539fe-7b0c-4eb8-bc5c-0b31e8abd7ef[39m
[2025-12-27 17:58:29] [32minfo[39m: [32mProfile fetched for user: a9c539fe-7b0c-4eb8-bc5c-0b31e8abd7ef[39m
[2025-12-27 18:00:55] [32minfo[39m: [32mProfile fetched for user: a9c539fe-7b0c-4eb8-bc5c-0b31e8abd7ef[39m
[2025-12-27 18:00:55] [32minfo[39m: [32mProfile fetched for user: a9c539fe-7b0c-4eb8-bc5c-0b31e8abd7ef[39m
[2025-12-27 18:01:06] [32minfo[39m: [32mProfile fetched for user: a9c539fe-7b0c-4eb8-bc5c-0b31e8abd7ef[39m
[2025-12-27 18:01:06] [32minfo[39m: [32mProfile fetched for user: a9c539fe-7b0c-4eb8-bc5c-0b31e8abd7ef[39m
[2025-12-27 18:01:11] [32minfo[39m: [32mProfile fetched for user: a9c539fe-7b0c-4eb8-bc5c-0b31e8abd7ef[39m
[2025-12-27 18:01:11] [32minfo[39m: [32mProfile fetched for user: a9c539fe-7b0c-4eb8-bc5c-0b31e8abd7ef[39m
[2025-12-27 18:01:13] [32minfo[39m: [32mProfile fetched for user: a9c539fe-7b0c-4eb8-bc5c-0b31e8abd7ef[39m
[2025-12-27 18:01:13] [32minfo[39m: [32mProfile fetched for user: a9c539fe-7b0c-4eb8-bc5c-0b31e8abd7ef[39m
[2025-12-27 18:01:15] [32minfo[39m: [32mProfile fetched for user: a9c539fe-7b0c-4eb8-bc5c-0b31e8abd7ef[39m
[2025-12-27 18:01:15] [32minfo[39m: [32mProfile fetched for user: a9c539fe-7b0c-4eb8-bc5c-0b31e8abd7ef[39m
[2025-12-27 18:02:27] [32minfo[39m: [32mProfile fetched for user: a9c539fe-7b0c-4eb8-bc5c-0b31e8abd7ef[39m
[2025-12-27 18:02:27] [32minfo[39m: [32mProfile fetched for user: a9c539fe-7b0c-4eb8-bc5c-0b31e8abd7ef[39m
[2025-12-27 18:02:52] [32minfo[39m: [32mProfile fetched for user: a9c539fe-7b0c-4eb8-bc5c-0b31e8abd7ef[39m
[2025-12-27 18:02:52] [32minfo[39m: [32mProfile fetched for user: a9c539fe-7b0c-4eb8-bc5c-0b31e8abd7ef[39m
[2025-12-27 18:03:24] [32minfo[39m: [32mProfile fetched for user: a9c539fe-7b0c-4eb8-bc5c-0b31e8abd7ef[39m
[2025-12-27 18:03:24] [32minfo[39m: [32mProfile fetched for user: a9c539fe-7b0c-4eb8-bc5c-0b31e8abd7ef[39m
[2025-12-27 18:08:38] [32minfo[39m: [32mProfile fetched for user: a9c539fe-7b0c-4eb8-bc5c-0b31e8abd7ef[39m
[2025-12-27 18:08:38] [32minfo[39m: [32mProfile fetched for user: a9c539fe-7b0c-4eb8-bc5c-0b31e8abd7ef[39m
[2025-12-27 18:08:46] [32minfo[39m: [32mProfile fetched for user: a9c539fe-7b0c-4eb8-bc5c-0b31e8abd7ef[39m
[2025-12-27 18:08:46] [32minfo[39m: [32mProfile fetched for user: a9c539fe-7b0c-4eb8-bc5c-0b31e8abd7ef[39m
[2025-12-27 18:09:07] [32minfo[39m: [32mProfile fetched for user: a9c539fe-7b0c-4eb8-bc5c-0b31e8abd7ef[39m
[2025-12-27 18:09:07] [32minfo[39m: [32mProfile fetched for user: a9c539fe-7b0c-4eb8-bc5c-0b31e8abd7ef[39m
[2025-12-27 18:09:09] [32minfo[39m: [32mProfile fetched for user: a9c539fe-7b0c-4eb8-bc5c-0b31e8abd7ef[39m
[2025-12-27 18:09:09] [32minfo[39m: [32mProfile fetched for user: a9c539fe-7b0c-4eb8-bc5c-0b31e8abd7ef[39m
[2025-12-27 18:12:39] [32minfo[39m: [32mProfile fetched for user: a9c539fe-7b0c-4eb8-bc5c-0b31e8abd7ef[39m
[2025-12-27 18:12:39] [32minfo[39m: [32mProfile fetched for user: a9c539fe-7b0c-4eb8-bc5c-0b31e8abd7ef[39m
[2025-12-27 18:12:49] [32minfo[39m: [32mProfile fetched for user: a9c539fe-7b0c-4eb8-bc5c-0b31e8abd7ef[39m
[2025-12-27 18:12:49] [32minfo[39m: [32mProfile fetched for user: a9c539fe-7b0c-4eb8-bc5c-0b31e8abd7ef[39m
[2025-12-27 18:15:45] [32minfo[39m: [32mProfile fetched for user: a9c539fe-7b0c-4eb8-bc5c-0b31e8abd7ef[39m
[2025-12-27 18:15:45] [32minfo[39m: [32mProfile fetched for user: a9c539fe-7b0c-4eb8-bc5c-0b31e8abd7ef[39m
[2025-12-27 18:15:47] [32minfo[39m: [32mProfile fetched for user: a9c539fe-7b0c-4eb8-bc5c-0b31e8abd7ef[39m
[2025-12-27 18:15:47] [32minfo[39m: [32mProfile fetched for user: a9c539fe-7b0c-4eb8-bc5c-0b31e8abd7ef[39m
[2025-12-27 18:16:08] [32minfo[39m: [32mProfile fetched for user: a9c539fe-7b0c-4eb8-bc5c-0b31e8abd7ef[39m
[2025-12-27 18:16:08] [32minfo[39m: [32mProfile fetched for user: a9c539fe-7b0c-4eb8-bc5c-0b31e8abd7ef[39m
[2025-12-27 18:18:02] [32minfo[39m: [32mProfile fetched for user: a9c539fe-7b0c-4eb8-bc5c-0b31e8abd7ef[39m
[2025-12-27 18:18:02] [32minfo[39m: [32mProfile fetched for user: a9c539fe-7b0c-4eb8-bc5c-0b31e8abd7ef[39m
[2025-12-27 18:18:42] [32minfo[39m: [32mProfile fetched for user: a9c539fe-7b0c-4eb8-bc5c-0b31e8abd7ef[39m
[2025-12-27 18:18:42] [32minfo[39m: [32mProfile fetched for user: a9c539fe-7b0c-4eb8-bc5c-0b31e8abd7ef[39m
[2025-12-27 18:19:06] [32minfo[39m: [32mProfile fetched for user: a9c539fe-7b0c-4eb8-bc5c-0b31e8abd7ef[39m
[2025-12-27 18:19:06] [32minfo[39m: [32mProfile fetched for user: a9c539fe-7b0c-4eb8-bc5c-0b31e8abd7ef[39m
[2025-12-27 19:24:34] [33mwarn[39m: [33mAccess token expired, checking refresh token...[39m
[2025-12-27 19:24:34] [33mwarn[39m: [33mAccess token expired, checking refresh token...[39m
[2025-12-27 19:24:34] [32minfo[39m: [32mToken refreshed successfully for user: a9c539fe-7b0c-4eb8-bc5c-0b31e8abd7ef[39m
[2025-12-27 19:24:34] [32minfo[39m: [32mProfile fetched for user: a9c539fe-7b0c-4eb8-bc5c-0b31e8abd7ef[39m
[2025-12-27 19:24:34] [32minfo[39m: [32mProfile fetched for user: a9c539fe-7b0c-4eb8-bc5c-0b31e8abd7ef[39m
[2025-12-27 19:26:32] [32minfo[39m: [32mProfile fetched for user: a9c539fe-7b0c-4eb8-bc5c-0b31e8abd7ef[39m
[2025-12-27 19:26:32] [32minfo[39m: [32mProfile fetched for user: a9c539fe-7b0c-4eb8-bc5c-0b31e8abd7ef[39m
[2025-12-27 19:27:03] [32minfo[39m: [32mProfile fetched for user: a9c539fe-7b0c-4eb8-bc5c-0b31e8abd7ef[39m
[2025-12-27 19:27:03] [32minfo[39m: [32mProfile fetched for user: a9c539fe-7b0c-4eb8-bc5c-0b31e8abd7ef[39m
[2025-12-27 19:29:18] [32minfo[39m: [32mProfile fetched for user: a9c539fe-7b0c-4eb8-bc5c-0b31e8abd7ef[39m
[2025-12-27 19:31:07] [32minfo[39m: [32mProfile fetched for user: a9c539fe-7b0c-4eb8-bc5c-0b31e8abd7ef[39m
[2025-12-27 19:31:07] [32minfo[39m: [32mProfile fetched for user: a9c539fe-7b0c-4eb8-bc5c-0b31e8abd7ef[39m
[2025-12-27 19:31:07] [32minfo[39m: [32mProfile fetched for user: a9c539fe-7b0c-4eb8-bc5c-0b31e8abd7ef[39m
[2025-12-27 19:31:07] [32minfo[39m: [32mProfile fetched for user: a9c539fe-7b0c-4eb8-bc5c-0b31e8abd7ef[39m
[2025-12-27 19:31:13] [32minfo[39m: [32mProfile fetched for user: a9c539fe-7b0c-4eb8-bc5c-0b31e8abd7ef[39m
[2025-12-27 19:31:13] [32minfo[39m: [32mProfile fetched for user: a9c539fe-7b0c-4eb8-bc5c-0b31e8abd7ef[39m
[2025-12-27 19:32:25] [32minfo[39m: [32mProfile fetched for user: a9c539fe-7b0c-4eb8-bc5c-0b31e8abd7ef[39m
[2025-12-27 19:32:25] [32minfo[39m: [32mProfile fetched for user: a9c539fe-7b0c-4eb8-bc5c-0b31e8abd7ef[39m
[2025-12-27 19:32:38] [32minfo[39m: [32mProfile fetched for user: a9c539fe-7b0c-4eb8-bc5c-0b31e8abd7ef[39m
[2025-12-27 19:32:38] [32minfo[39m: [32mProfile fetched for user: a9c539fe-7b0c-4eb8-bc5c-0b31e8abd7ef[39m
[2025-12-27 19:32:44] [32minfo[39m: [32mProfile fetched for user: a9c539fe-7b0c-4eb8-bc5c-0b31e8abd7ef[39m
[2025-12-27 19:32:44] [32minfo[39m: [32mProfile fetched for user: a9c539fe-7b0c-4eb8-bc5c-0b31e8abd7ef[39m
[2025-12-27 19:33:35] [32minfo[39m: [32mProfile fetched for user: a9c539fe-7b0c-4eb8-bc5c-0b31e8abd7ef[39m
[2025-12-27 19:33:35] [32minfo[39m: [32mProfile fetched for user: a9c539fe-7b0c-4eb8-bc5c-0b31e8abd7ef[39m
[2025-12-27 19:34:45] [32minfo[39m: [32mProfile fetched for user: a9c539fe-7b0c-4eb8-bc5c-0b31e8abd7ef[39m
[2025-12-27 19:34:45] [32minfo[39m: [32mProfile fetched for user: a9c539fe-7b0c-4eb8-bc5c-0b31e8abd7ef[39m
[2025-12-27 19:34:59] [32minfo[39m: [32mfile added [object Object][39m
[2025-12-27 19:35:02] [32minfo[39m: [32mProfile fetched for user: a9c539fe-7b0c-4eb8-bc5c-0b31e8abd7ef[39m
[2025-12-27 19:35:02] [32minfo[39m: [32mProfile fetched for user: a9c539fe-7b0c-4eb8-bc5c-0b31e8abd7ef[39m
[2025-12-27 19:37:27] [32minfo[39m: [32mProfile fetched for user: a9c539fe-7b0c-4eb8-bc5c-0b31e8abd7ef[39m
[2025-12-27 19:37:27] [32minfo[39m: [32mProfile fetched for user: a9c539fe-7b0c-4eb8-bc5c-0b31e8abd7ef[39m
[2025-12-27 20:00:37] [32minfo[39m: [32mProfile fetched for user: a9c539fe-7b0c-4eb8-bc5c-0b31e8abd7ef[39m
[2025-12-27 20:00:37] [32minfo[39m: [32mProfile fetched for user: a9c539fe-7b0c-4eb8-bc5c-0b31e8abd7ef[39m
[2025-12-27 20:15:30] [32minfo[39m: [32mProfile fetched for user: a9c539fe-7b0c-4eb8-bc5c-0b31e8abd7ef[39m
[2025-12-27 20:15:30] [32minfo[39m: [32mProfile fetched for user: a9c539fe-7b0c-4eb8-bc5c-0b31e8abd7ef[39m
[2025-12-27 20:19:04] [32minfo[39m: [32mProfile fetched for user: a9c539fe-7b0c-4eb8-bc5c-0b31e8abd7ef[39m
[2025-12-27 20:19:05] [32minfo[39m: [32mProfile fetched for user: a9c539fe-7b0c-4eb8-bc5c-0b31e8abd7ef[39m
[2025-12-27 20:19:46] [32minfo[39m: [32mProfile fetched for user: a9c539fe-7b0c-4eb8-bc5c-0b31e8abd7ef[39m
[2025-12-27 20:19:46] [32minfo[39m: [32mProfile fetched for user: a9c539fe-7b0c-4eb8-bc5c-0b31e8abd7ef[39m
[2025-12-27 20:23:05] [32minfo[39m: [32mProfile fetched for user: a9c539fe-7b0c-4eb8-bc5c-0b31e8abd7ef[39m
[2025-12-27 20:23:06] [32minfo[39m: [32mProfile fetched for user: a9c539fe-7b0c-4eb8-bc5c-0b31e8abd7ef[39m
[2025-12-27 20:25:04] [33mwarn[39m: [33mAccess token expired, checking refresh token...[39m
[2025-12-27 20:25:04] [33mwarn[39m: [33mAccess token expired, checking refresh token...[39m
[2025-12-27 20:25:04] [32minfo[39m: [32mToken refreshed successfully for user: a9c539fe-7b0c-4eb8-bc5c-0b31e8abd7ef[39m
[2025-12-27 20:25:04] [32minfo[39m: [32mProfile fetched for user: a9c539fe-7b0c-4eb8-bc5c-0b31e8abd7ef[39m
[2025-12-27 20:25:04] [32minfo[39m: [32mProfile fetched for user: a9c539fe-7b0c-4eb8-bc5c-0b31e8abd7ef[39m
[2025-12-27 20:30:02] [32minfo[39m: [32mProfile fetched for user: a9c539fe-7b0c-4eb8-bc5c-0b31e8abd7ef[39m
[2025-12-27 20:30:02] [32minfo[39m: [32mProfile fetched for user: a9c539fe-7b0c-4eb8-bc5c-0b31e8abd7ef[39m
[2025-12-27 20:36:22] [32minfo[39m: [32mProfile fetched for user: a9c539fe-7b0c-4eb8-bc5c-0b31e8abd7ef[39m
[2025-12-27 20:36:22] [32minfo[39m: [32mProfile fetched for user: a9c539fe-7b0c-4eb8-bc5c-0b31e8abd7ef[39m
[2025-12-27 20:36:52] [32minfo[39m: [32mProfile fetched for user: a9c539fe-7b0c-4eb8-bc5c-0b31e8abd7ef[39m
[2025-12-27 20:36:53] [32minfo[39m: [32mProfile fetched for user: a9c539fe-7b0c-4eb8-bc5c-0b31e8abd7ef[39m
[2025-12-27 20:37:03] [32minfo[39m: [32mProfile fetched for user: a9c539fe-7b0c-4eb8-bc5c-0b31e8abd7ef[39m
[2025-12-27 20:37:04] [32minfo[39m: [32mProfile fetched for user: a9c539fe-7b0c-4eb8-bc5c-0b31e8abd7ef[39m
[2025-12-27 20:43:01] [32minfo[39m: [32mProfile fetched for user: a9c539fe-7b0c-4eb8-bc5c-0b31e8abd7ef[39m
[2025-12-27 20:43:01] [32minfo[39m: [32mProfile fetched for user: a9c539fe-7b0c-4eb8-bc5c-0b31e8abd7ef[39m
[2025-12-27 20:57:28] [32minfo[39m: [32mProfile fetched for user: a9c539fe-7b0c-4eb8-bc5c-0b31e8abd7ef[39m
[2025-12-27 20:57:28] [32minfo[39m: [32mProfile fetched for user: a9c539fe-7b0c-4eb8-bc5c-0b31e8abd7ef[39m
[2025-12-27 20:59:11] [32minfo[39m: [32mProfile fetched for user: a9c539fe-7b0c-4eb8-bc5c-0b31e8abd7ef[39m
[2025-12-27 20:59:11] [32minfo[39m: [32mProfile fetched for user: a9c539fe-7b0c-4eb8-bc5c-0b31e8abd7ef[39m
[2025-12-27 21:04:37] [32minfo[39m: [32mProfile fetched for user: a9c539fe-7b0c-4eb8-bc5c-0b31e8abd7ef[39m
[2025-12-27 21:04:37] [32minfo[39m: [32mProfile fetched for user: a9c539fe-7b0c-4eb8-bc5c-0b31e8abd7ef[39m
[2025-12-27 21:22:26] [32minfo[39m: [32mProfile fetched for user: a9c539fe-7b0c-4eb8-bc5c-0b31e8abd7ef[39m
[2025-12-27 21:22:26] [32minfo[39m: [32mProfile fetched for user: a9c539fe-7b0c-4eb8-bc5c-0b31e8abd7ef[39m
[2025-12-27 22:56:04] [32minfo[39m: [32mfile added [object Object][39m
[2025-12-27 22:56:04] [32minfo[39m: [32mfile added [object Object][39m
[2025-12-27 22:56:04] [32minfo[39m: [32mfile added [object Object][39m
[2025-12-27 22:56:04] [32minfo[39m: [32mfile added [object Object][39m
[2025-12-27 22:56:04] [32minfo[39m: [32mfile added [object Object][39m
[2025-12-27 22:56:04] [32minfo[39m: [32mImages uploaded to S3 for User undefined. Keys: 1766858164430-uu76yhf2-124317.jpg, 1766858164434-22xmarnr-120289.jpg, 1766858164434-bz9wwosz-120292.jpg, 1766858164435-axqwywha-120289.jpg, 1766858164435-t2ydbwqk-117406.jpg[39m
[2025-12-27 22:56:05] [31merror[39m: [31mError Publishing Gig: [39m
[31mInvalid `prisma.gig.create()` invocation in[39m
[31mC:\projects\brico\backend\src\gigs\publishGig.ts:65:37[39m

[31m  62 );[39m
[31m  63 [39m
[31m  64 // 4. Save to Database[39m
[31m→ 65 const newGig = await prisma.gig.create({[39m
[31m       data: {[39m
[31m         workerId: undefined,[39m
[31m         title: "Building creation ",[39m
[31m         description: "Main building create kar skta hon wagerah wagerha ",[39m
[31m         category: "Mason",[39m
[31m         priceBase: new Prisma.Decimal("2000"),[39m
[31m         lat: 33.686897,[39m
[31m         lng: 72.8292111,[39m
[31m         locationName: "Block B, Islamabad Capital Territory",[39m
[31m         phone: "3403810358",[39m
[31m         rateType: "Per Day",[39m
[31m         serviceAreas: [[39m
[31m           "Block B, Islamabad Capital Territory"[39m
[31m         ],[39m
[31m         imageUrls: [[39m
[31m           "1766858164430-uu76yhf2-124317.jpg",[39m
[31m           "1766858164434-22xmarnr-120289.jpg",[39m
[31m           "1766858164434-bz9wwosz-120292.jpg",[39m
[31m           "1766858164435-axqwywha-120289.jpg",[39m
[31m           "1766858164435-t2ydbwqk-117406.jpg"[39m
[31m         ],[39m
[31m     +   worker: {[39m
[31m     +     create: WorkerCreateWithoutGigsInput | WorkerUncheckedCreateWithoutGigsInput,[39m
[31m     +     connectOrCreate: WorkerCreateOrConnectWithoutGigsInput,[39m
[31m     +     connect: WorkerWhereUniqueInput[39m
[31m     +   }[39m
[31m       }[39m
[31m     })[39m

[31mArgument `worker` is missing.[39m
[2025-12-27 22:58:31] [33mwarn[39m: [33mAccess token expired, checking refresh token...[39m
[2025-12-27 22:58:31] [32minfo[39m: [32mToken refreshed successfully for user: a9c539fe-7b0c-4eb8-bc5c-0b31e8abd7ef[39m
[2025-12-27 22:58:32] [32minfo[39m: [32mfile added [object Object][39m
[2025-12-27 22:58:32] [32minfo[39m: [32mfile added [object Object][39m
[2025-12-27 22:58:32] [32minfo[39m: [32mfile added [object Object][39m
[2025-12-27 22:58:32] [32minfo[39m: [32mfile added [object Object][39m
[2025-12-27 22:58:32] [32minfo[39m: [32mfile added [object Object][39m
[2025-12-27 22:58:32] [32minfo[39m: [32mImages uploaded to S3 for User a9c539fe-7b0c-4eb8-bc5c-0b31e8abd7ef. Keys: 1766858312674-1j3s4c8i-124317.jpg, 1766858312681-ebh2khnu-120289.jpg, 1766858312682-pzwbeaeg-120292.jpg, 1766858312682-mp9dwrvj-120289.jpg, 1766858312683-jvroz5lg-117406.jpg[39m
[2025-12-27 22:58:41] [32minfo[39m: [32mProfile fetched for user: a9c539fe-7b0c-4eb8-bc5c-0b31e8abd7ef[39m
[2025-12-27 22:58:41] [32minfo[39m: [32mProfile fetched for user: a9c539fe-7b0c-4eb8-bc5c-0b31e8abd7ef[39m
