[2025-12-23 21:53:56] [31merror[39m: TypeError: OAuth2Strategy requires a clientID option
    at Strategy.OAuth2Strategy (C:\projects\brico\backend\node_modules\.pnpm\passport-oauth2@1.8.0\node_modules\passport-oauth2\lib\strategy.js:87:34)
    at new Strategy (C:\projects\brico\backend\node_modules\.pnpm\passport-google-oauth20@2.0.0\node_modules\passport-google-oauth20\lib\strategy.js:52:18)
    at Object.<anonymous> (C:\projects\brico\backend\src\auth\index.ts:14:3)
    at Module.<anonymous> (node:internal/modules/cjs/loader:1761:14)
    at Module._compile (C:\projects\brico\backend\node_modules\.pnpm\source-map-support@0.5.21\node_modules\source-map-support\source-map-support.js:568:25)
    at Module.m._compile (C:\Users\ABDULL~1\AppData\Local\Temp\ts-node-dev-hook-8038767551440837.js:69:33)
    at node:internal/modules/cjs/loader:1893:10
    at require.extensions..jsx.require.extensions..js (C:\Users\ABDULL~1\AppData\Local\Temp\ts-node-dev-hook-8038767551440837.js:114:20)
    at require.extensions.<computed> (C:\Users\ABDULL~1\AppData\Local\Temp\ts-node-dev-hook-8038767551440837.js:71:20)
    at Object.nodeDevHook [as .ts] (C:\projects\brico\backend\node_modules\.pnpm\ts-node-dev@2.0.0_@types+node@25.0.2_typescript@5.9.3\node_modules\ts-node-dev\lib\hook.js:63:13)
[2025-12-27 02:28:29] [31merror[39m: TypeError: Cannot read properties of undefined (reading 'single')
    at Object.<anonymous> (C:\projects\brico\backend\src\profile\index.ts:11:10)
    at Module.<anonymous> (node:internal/modules/cjs/loader:1761:14)
    at Module._compile (C:\projects\brico\backend\node_modules\.pnpm\source-map-support@0.5.21\node_modules\source-map-support\source-map-support.js:568:25)
    at Module.m._compile (C:\Users\ABDULL~1\AppData\Local\Temp\ts-node-dev-hook-5247658202991995.js:69:33)
    at node:internal/modules/cjs/loader:1893:10
    at require.extensions..jsx.require.extensions..js (C:\Users\ABDULL~1\AppData\Local\Temp\ts-node-dev-hook-5247658202991995.js:114:20)
    at require.extensions.<computed> (C:\Users\ABDULL~1\AppData\Local\Temp\ts-node-dev-hook-5247658202991995.js:71:20)
    at Object.nodeDevHook [as .ts] (C:\projects\brico\backend\node_modules\.pnpm\ts-node-dev@2.0.0_@types+node@25.0.2_typescript@5.9.3\node_modules\ts-node-dev\lib\hook.js:63:13)
    at Module.load (node:internal/modules/cjs/loader:1481:32)
    at Module._load (node:internal/modules/cjs/loader:1300:12)
[2025-12-27 03:17:05] [31merror[39m: TypeError: Missing parameter name at index 8: /files/*; visit https://git.new/pathToRegexpError for info
    at name (C:\projects\brico\backend\node_modules\.pnpm\path-to-regexp@8.3.0\node_modules\path-to-regexp\src\index.ts:225:13)
    at parse (C:\projects\brico\backend\node_modules\.pnpm\path-to-regexp@8.3.0\node_modules\path-to-regexp\src\index.ts:242:62)
    at pathToRegexp (C:\projects\brico\backend\node_modules\.pnpm\path-to-regexp@8.3.0\node_modules\path-to-regexp\src\index.ts:480:54)
    at Object.match (C:\projects\brico\backend\node_modules\.pnpm\path-to-regexp@8.3.0\node_modules\path-to-regexp\src\index.ts:438:28)
    at matcher (C:\projects\brico\backend\node_modules\.pnpm\router@2.2.0\node_modules\router\lib\layer.js:86:23)
    at new Layer (C:\projects\brico\backend\node_modules\.pnpm\router@2.2.0\node_modules\router\lib\layer.js:93:62)
    at router.route (C:\projects\brico\backend\node_modules\.pnpm\router@2.2.0\node_modules\router\index.js:428:17)
    at router.Router.<computed> [as get] (C:\projects\brico\backend\node_modules\.pnpm\router@2.2.0\node_modules\router\index.js:447:24)
    at Object.<anonymous> (C:\projects\brico\backend\src\routes\routes.ts:13:8)
    at Module.<anonymous> (node:internal/modules/cjs/loader:1761:14)
